<?xml version="1.0" encoding="UTF-8"?>
<!-- Generated by org.testng.reporters.JUnitXMLReporter -->
<testsuite ignored="1" hostname="DESKTOP-KSTEH8E" failures="0" tests="3" name="ParentModule1" time="0.517" errors="0" timestamp="2024-04-01T13:11:36 IST">
  <testcase classname="seleniumpractice.Module1" name="test1" time="0.024"/>
  <testcase classname="seleniumpractice.Module1" name="testcase2" time="0.023"/>
  <testcase classname="seleniumpractice.Module2" name="test1" time="0.01"/>
  <testcase classname="seleniumpractice.Module1" name="test2" time="0.0">
    <ignored/>
  </testcase> <!-- test2 -->
</testsuite> <!-- ParentModule1 -->
